2022-01-25 04:19:20.869  INFO 10980 --- [main] com.mlmstorenow.api.ApiApplicationTests  : Starting ApiApplicationTests using Java 1.8.0_292 on LAPTOP-BTS35TD3 with PID 10980 (started by wledg in C:\Users\wledg\Desktop\git\proj2\project-2\project-2\api)
2022-01-25 04:19:20.876  INFO 10980 --- [main] com.mlmstorenow.api.ApiApplicationTests  : No active profile set, falling back to default profiles: default
2022-01-25 04:19:23.233  INFO 10980 --- [main] .s.d.r.c.RepositoryConfigurationDelegate : Bootstrapping Spring Data JPA repositories in DEFAULT mode.
2022-01-25 04:19:23.331  INFO 10980 --- [main] .s.d.r.c.RepositoryConfigurationDelegate : Finished Spring Data repository scanning in 84 ms. Found 2 JPA repository interfaces.
2022-01-25 04:19:24.394  INFO 10980 --- [main] o.hibernate.jpa.internal.util.LogHelper  : HHH000204: Processing PersistenceUnitInfo [name: default]
2022-01-25 04:19:24.508  INFO 10980 --- [main] org.hibernate.Version                    : HHH000412: Hibernate ORM core version 5.4.32.Final
2022-01-25 04:19:24.763  INFO 10980 --- [main] o.hibernate.annotations.common.Version   : HCANN000001: Hibernate Commons Annotations {5.1.2.Final}
2022-01-25 04:19:25.158  INFO 10980 --- [main] com.zaxxer.hikari.HikariDataSource       : HikariPool-1 - Starting...
2022-01-25 04:19:25.636  INFO 10980 --- [main] com.zaxxer.hikari.HikariDataSource       : HikariPool-1 - Start completed.
2022-01-25 04:19:25.695  INFO 10980 --- [main] org.hibernate.dialect.Dialect            : HHH000400: Using dialect: org.hibernate.dialect.PostgreSQL10Dialect
2022-01-25 04:19:28.202  INFO 10980 --- [main] o.h.e.t.j.p.i.JtaPlatformInitiator       : HHH000490: Using JtaPlatform implementation: [org.hibernate.engine.transaction.jta.platform.internal.NoJtaPlatform]
2022-01-25 04:19:28.216  INFO 10980 --- [main] j.LocalContainerEntityManagerFactoryBean : Initialized JPA EntityManagerFactory for persistence unit 'default'
2022-01-25 04:19:29.716  WARN 10980 --- [main] JpaBaseConfiguration$JpaWebConfiguration : spring.jpa.open-in-view is enabled by default. Therefore, database queries may be performed during view rendering. Explicitly configure spring.jpa.open-in-view to disable this warning
2022-01-25 04:19:30.561  INFO 10980 --- [main] o.s.b.a.e.web.EndpointLinksResolver      : Exposing 15 endpoint(s) beneath base path '/actuator'
2022-01-25 04:19:32.687  INFO 10980 --- [main] com.mlmstorenow.api.ApiApplicationTests  : Started ApiApplicationTests in 12.509 seconds (JVM running for 14.889)
2022-01-25 04:19:32.988  INFO 10980 --- [SpringApplicationShutdownHook] j.LocalContainerEntityManagerFactoryBean : Closing JPA EntityManagerFactory for persistence unit 'default'
2022-01-25 04:19:32.992  INFO 10980 --- [SpringApplicationShutdownHook] com.zaxxer.hikari.HikariDataSource       : HikariPool-1 - Shutdown initiated...
2022-01-25 04:19:33.013  INFO 10980 --- [SpringApplicationShutdownHook] com.zaxxer.hikari.HikariDataSource       : HikariPool-1 - Shutdown completed.
2022-01-25 04:48:13.797  INFO 23508 --- [main] com.mlmstorenow.api.ApiApplicationTests  : Starting ApiApplicationTests using Java 1.8.0_292 on LAPTOP-BTS35TD3 with PID 23508 (started by wledg in C:\Users\wledg\Desktop\git\proj2\project-2\project-2\api)
2022-01-25 04:48:13.804  INFO 23508 --- [main] com.mlmstorenow.api.ApiApplicationTests  : No active profile set, falling back to default profiles: default
2022-01-25 04:48:15.526  INFO 23508 --- [main] .s.d.r.c.RepositoryConfigurationDelegate : Bootstrapping Spring Data JPA repositories in DEFAULT mode.
2022-01-25 04:48:15.628  INFO 23508 --- [main] .s.d.r.c.RepositoryConfigurationDelegate : Finished Spring Data repository scanning in 90 ms. Found 2 JPA repository interfaces.
2022-01-25 04:48:16.487  INFO 23508 --- [main] o.hibernate.jpa.internal.util.LogHelper  : HHH000204: Processing PersistenceUnitInfo [name: default]
2022-01-25 04:48:16.594  INFO 23508 --- [main] org.hibernate.Version                    : HHH000412: Hibernate ORM core version 5.4.32.Final
2022-01-25 04:48:16.808  INFO 23508 --- [main] o.hibernate.annotations.common.Version   : HCANN000001: Hibernate Commons Annotations {5.1.2.Final}
2022-01-25 04:48:17.269  INFO 23508 --- [main] com.zaxxer.hikari.HikariDataSource       : HikariPool-1 - Starting...
2022-01-25 04:48:17.748  INFO 23508 --- [main] com.zaxxer.hikari.HikariDataSource       : HikariPool-1 - Start completed.
2022-01-25 04:48:17.811  INFO 23508 --- [main] org.hibernate.dialect.Dialect            : HHH000400: Using dialect: org.hibernate.dialect.PostgreSQL10Dialect
2022-01-25 04:48:20.333  INFO 23508 --- [main] o.h.e.t.j.p.i.JtaPlatformInitiator       : HHH000490: Using JtaPlatform implementation: [org.hibernate.engine.transaction.jta.platform.internal.NoJtaPlatform]
2022-01-25 04:48:20.349  INFO 23508 --- [main] j.LocalContainerEntityManagerFactoryBean : Initialized JPA EntityManagerFactory for persistence unit 'default'
2022-01-25 04:48:21.567  WARN 23508 --- [main] JpaBaseConfiguration$JpaWebConfiguration : spring.jpa.open-in-view is enabled by default. Therefore, database queries may be performed during view rendering. Explicitly configure spring.jpa.open-in-view to disable this warning
2022-01-25 04:48:22.302  INFO 23508 --- [main] o.s.b.a.e.web.EndpointLinksResolver      : Exposing 15 endpoint(s) beneath base path '/actuator'
2022-01-25 04:48:24.209  INFO 23508 --- [main] com.mlmstorenow.api.ApiApplicationTests  : Started ApiApplicationTests in 10.921 seconds (JVM running for 12.446)
2022-01-25 04:48:24.465  INFO 23508 --- [SpringApplicationShutdownHook] j.LocalContainerEntityManagerFactoryBean : Closing JPA EntityManagerFactory for persistence unit 'default'
2022-01-25 04:48:24.470  INFO 23508 --- [SpringApplicationShutdownHook] com.zaxxer.hikari.HikariDataSource       : HikariPool-1 - Shutdown initiated...
2022-01-25 04:48:24.500  INFO 23508 --- [SpringApplicationShutdownHook] com.zaxxer.hikari.HikariDataSource       : HikariPool-1 - Shutdown completed.
